[debug] [2021-12-10T01:17:50.679Z] ----------------------------------------------------------------------
[debug] [2021-12-10T01:17:50.680Z] Command:       C:\Program Files\nodejs\node.exe C:\Users\monox\AppData\Roaming\npm\node_modules\firebase-tools\lib\bin\firebase.js emulators:start
[debug] [2021-12-10T01:17:50.681Z] CLI Version:   9.23.0
[debug] [2021-12-10T01:17:50.681Z] Platform:      win32
[debug] [2021-12-10T01:17:50.681Z] Node Version:  v14.17.6
[debug] [2021-12-10T01:17:50.687Z] Time:          Fri Dec 10 2021 10:17:50 GMT+0900 (日本標準時)
[debug] [2021-12-10T01:17:50.688Z] ----------------------------------------------------------------------
[debug] 
[debug] [2021-12-10T01:17:50.690Z] >>> [apiv2][query] GET https://firebase-public.firebaseio.com/cli.json [none]
[debug] [2021-12-10T01:17:50.745Z] > command requires scopes: ["email","openid","https://www.googleapis.com/auth/cloudplatformprojects.readonly","https://www.googleapis.com/auth/firebase","https://www.googleapis.com/auth/cloud-platform"]
[debug] [2021-12-10T01:17:50.746Z] > authorizing via signed-in user (ka0310uz71ma0@gmail.com)
[info] i  emulators: Starting emulators: functions, firestore {"metadata":{"emulator":{"name":"hub"},"message":"Starting emulators: functions, firestore"}}
[debug] [2021-12-10T01:17:50.762Z] [hub] writing locator at C:\Users\monox\AppData\Local\Temp\hub-makeinfluencer-b1bb9.json
[warn] !  functions: The following emulators are not running, calls to these services from the Functions emulator will affect production: auth, database, hosting, pubsub, storage {"metadata":{"emulator":{"name":"functions"},"message":"The following emulators are not running, calls to these services from the Functions emulator will affect production: \u001b[1mauth, database, hosting, pubsub, storage\u001b[22m"}}
[info] +  functions: Using node@14 from host. {"metadata":{"emulator":{"name":"functions"},"message":"Using node@14 from host."}}
[debug] [2021-12-10T01:17:50.788Z] defaultcredentials: writing to file C:\Users\monox\AppData\Roaming\firebase\ka0310uz71ma0_gmail_com_application_default_credentials.json
[debug] [2021-12-10T01:17:50.790Z] Setting GAC to C:\Users\monox\AppData\Roaming\firebase\ka0310uz71ma0_gmail_com_application_default_credentials.json {"metadata":{"emulator":{"name":"functions"},"message":"Setting GAC to C:\\Users\\monox\\AppData\\Roaming\\firebase\\ka0310uz71ma0_gmail_com_application_default_credentials.json"}}
[debug] [2021-12-10T01:17:50.791Z] > refreshing access token with scopes: []
[debug] [2021-12-10T01:17:50.791Z] >>> HTTP REQUEST POST https://www.googleapis.com/oauth2/v3/token  
 <request body omitted>
[debug] [2021-12-10T01:17:50.939Z] <<< HTTP RESPONSE 200 {"cache-control":"no-cache, no-store, max-age=0, must-revalidate","date":"Fri, 10 Dec 2021 01:17:50 GMT","pragma":"no-cache","expires":"Mon, 01 Jan 1990 00:00:00 GMT","content-type":"application/json; charset=utf-8","vary":"X-Origin, Referer, Origin,Accept-Encoding","server":"scaffolding on HTTPServer2","x-xss-protection":"0","x-frame-options":"SAMEORIGIN","x-content-type-options":"nosniff","alt-svc":"h3=\":443\"; ma=2592000,h3-29=\":443\"; ma=2592000,h3-Q050=\":443\"; ma=2592000,h3-Q046=\":443\"; ma=2592000,h3-Q043=\":443\"; ma=2592000,quic=\":443\"; ma=2592000; v=\"46,43\"","accept-ranges":"none","transfer-encoding":"chunked"}
[debug] [2021-12-10T01:17:50.946Z] >>> [apiv2][query] GET https://firebase.googleapis.com/v1beta1/projects/makeinfluencer-b1bb9/adminSdkConfig [none]
[debug] [2021-12-10T01:17:51.215Z] <<< [apiv2][status] GET https://firebase-public.firebaseio.com/cli.json 200
[debug] [2021-12-10T01:17:51.215Z] <<< [apiv2][body] GET https://firebase-public.firebaseio.com/cli.json {"cloudBuildErrorAfter":1594252800000,"cloudBuildWarnAfter":1590019200000,"defaultNode10After":1594252800000,"minVersion":"3.0.5","node8DeploysDisabledAfter":1613390400000,"node8RuntimeDisabledAfter":1615809600000,"node8WarnAfter":1600128000000}
[debug] [2021-12-10T01:17:51.380Z] <<< [apiv2][status] GET https://firebase.googleapis.com/v1beta1/projects/makeinfluencer-b1bb9/adminSdkConfig 200
[debug] [2021-12-10T01:17:51.380Z] <<< [apiv2][body] GET https://firebase.googleapis.com/v1beta1/projects/makeinfluencer-b1bb9/adminSdkConfig {"projectId":"makeinfluencer-b1bb9","storageBucket":"makeinfluencer-b1bb9.appspot.com","locationId":"asia-northeast1"}
[debug] [2021-12-10T01:17:51.389Z] Ignoring unsupported arg: projectId {"metadata":{"emulator":{"name":"firestore"},"message":"Ignoring unsupported arg: projectId"}}
[debug] [2021-12-10T01:17:51.389Z] Ignoring unsupported arg: auto_download {"metadata":{"emulator":{"name":"firestore"},"message":"Ignoring unsupported arg: auto_download"}}
[debug] [2021-12-10T01:17:51.389Z] Starting Firestore Emulator with command {"binary":"java","args":["-Dgoogle.cloud_firestore.debug_log_level=FINE","-Duser.language=en","-jar","C:\\Users\\monox\\.cache\\firebase\\emulators\\cloud-firestore-emulator-v1.13.1.jar","--host","localhost","--port",8080,"--rules","C:\\Users\\monox\\webex\\heads\\headshotMoufu\\firestore.rules","--functions_emulator","localhost:5001"],"optionalArgs":["port","webchannel_port","host","rules","functions_emulator","seed_from_export"],"joinArgs":false} {"metadata":{"emulator":{"name":"firestore"},"message":"Starting Firestore Emulator with command {\"binary\":\"java\",\"args\":[\"-Dgoogle.cloud_firestore.debug_log_level=FINE\",\"-Duser.language=en\",\"-jar\",\"C:\\\\Users\\\\monox\\\\.cache\\\\firebase\\\\emulators\\\\cloud-firestore-emulator-v1.13.1.jar\",\"--host\",\"localhost\",\"--port\",8080,\"--rules\",\"C:\\\\Users\\\\monox\\\\webex\\\\heads\\\\headshotMoufu\\\\firestore.rules\",\"--functions_emulator\",\"localhost:5001\"],\"optionalArgs\":[\"port\",\"webchannel_port\",\"host\",\"rules\",\"functions_emulator\",\"seed_from_export\"],\"joinArgs\":false}"}}
[info] i  firestore: Firestore Emulator logging to firestore-debug.log {"metadata":{"emulator":{"name":"firestore"},"message":"Firestore Emulator logging to \u001b[1mfirestore-debug.log\u001b[22m"}}
[debug] [2021-12-10T01:17:52.658Z] Ignoring unsupported arg: auto_download {"metadata":{"emulator":{"name":"ui"},"message":"Ignoring unsupported arg: auto_download"}}
[debug] [2021-12-10T01:17:52.658Z] Ignoring unsupported arg: port {"metadata":{"emulator":{"name":"ui"},"message":"Ignoring unsupported arg: port"}}
[debug] [2021-12-10T01:17:52.658Z] Starting Emulator UI with command {"binary":"node","args":["C:\\Users\\monox\\.cache\\firebase\\emulators\\ui-v1.6.4\\server.bundle.js"],"optionalArgs":[],"joinArgs":false} {"metadata":{"emulator":{"name":"ui"},"message":"Starting Emulator UI with command {\"binary\":\"node\",\"args\":[\"C:\\\\Users\\\\monox\\\\.cache\\\\firebase\\\\emulators\\\\ui-v1.6.4\\\\server.bundle.js\"],\"optionalArgs\":[],\"joinArgs\":false}"}}
[info] i  ui: Emulator UI logging to ui-debug.log {"metadata":{"emulator":{"name":"ui"},"message":"Emulator UI logging to \u001b[1mui-debug.log\u001b[22m"}}
[debug] [2021-12-10T01:17:52.744Z] Web / API server started at localhost:4000
 {"metadata":{"emulator":{"name":"ui"},"message":"Web / API server started at localhost:4000\n"}}
[info] i  functions: Watching "C:\Users\monox\webex\heads\headshotMoufu\functions" for Cloud Functions... {"metadata":{"emulator":{"name":"functions"},"message":"Watching \"C:\\Users\\monox\\webex\\heads\\headshotMoufu\\functions\" for Cloud Functions..."}}
[debug] [2021-12-10T01:17:52.923Z] [worker-pool] addWorker(~diagnostic~) {"metadata":{"emulator":{"name":"functions"},"message":"[worker-pool] addWorker(~diagnostic~)"}}
[debug] [2021-12-10T01:17:52.923Z] [worker-pool] Adding worker with key ~diagnostic~, total=1 {"metadata":{"emulator":{"name":"functions"},"message":"[worker-pool] Adding worker with key ~diagnostic~, total=1"}}
[debug] [2021-12-10T01:17:52.923Z] [worker-pool] submitWork(triggerId=) {"metadata":{"emulator":{"name":"functions"},"message":"[worker-pool] submitWork(triggerId=)"}}
[debug] [2021-12-10T01:17:52.923Z] [worker-~diagnostic~-1ce18d43-8c9c-4b18-abd9-bea3dd631b2e]: Assigning socketPath: \\?\pipe\C:\Users\monox\webex\heads\headshotMoufu\functions\26408 {"metadata":{"emulator":{"name":"functions"},"message":"[worker-~diagnostic~-1ce18d43-8c9c-4b18-abd9-bea3dd631b2e]: Assigning socketPath: \\\\?\\pipe\\C:\\Users\\monox\\webex\\heads\\headshotMoufu\\functions\\26408"}}
[debug] [2021-12-10T01:17:52.924Z] [worker-~diagnostic~-1ce18d43-8c9c-4b18-abd9-bea3dd631b2e]: BUSY {"metadata":{"emulator":{"name":"functions"},"message":"[worker-~diagnostic~-1ce18d43-8c9c-4b18-abd9-bea3dd631b2e]: BUSY"}}
